<?xml version="1.0" encoding="UTF-8"?>
<!-- Generated by org.testng.reporters.JUnitReportReporter -->
<testsuite skipped="0" hostname="DESKTOP-KBOOS7R" name="app.AppTest" tests="2" failures="0" timestamp="13 Oct 2021 09:34:25 GMT" time="0.018" errors="0">
  <testcase name="loginTestWithValid" time="0.003" classname="app.AppTest"/>
  <testcase name="loginTestWithInvalid" time="0.015" classname="app.AppTest"/>
</testsuite> <!-- app.AppTest -->
