<?xml version="1.0" encoding="UTF-8"?>
<!-- Generated by org.testng.reporters.JUnitReportReporter -->
<testsuite skipped="0" hostname="DESKTOP-KBOOS7R" name="app.NumberComparision" tests="1" failures="0" timestamp="13 Oct 2021 09:34:25 GMT" time="0.002" errors="0">
  <testcase name="intComparision" time="0.002" classname="app.NumberComparision"/>
</testsuite> <!-- app.NumberComparision -->
