<?xml version="1.0" encoding="UTF-8"?>
<!-- Generated by org.testng.reporters.JUnitReportReporter -->
<testsuite hostname="DESKTOP-KBOOS7R" failures="0" tests="2" name="app.AppTest" time="0.017" errors="0" timestamp="13 Oct 2021 09:35:07 GMT" skipped="0">
  <testcase classname="app.AppTest" name="loginTestWithValid" time="0.001"/>
  <testcase classname="app.AppTest" name="loginTestWithInvalid" time="0.016"/>
</testsuite> <!-- app.AppTest -->
