<?xml version="1.0" encoding="UTF-8"?>
<!-- Generated by org.testng.reporters.JUnitReportReporter -->
<testsuite hostname="DESKTOP-KBOOS7R" failures="0" tests="1" name="app.NumberComparision" time="0.001" errors="0" timestamp="13 Oct 2021 09:35:07 GMT" skipped="0">
  <testcase classname="app.NumberComparision" name="intComparision" time="0.001"/>
</testsuite> <!-- app.NumberComparision -->
